EDA Netlist Writer report for Dual_Issue
Thu Feb 20 21:41:51 2025
Quartus Prime Version 23.1std.1 Build 993 05/14/2024 SC Lite Edition


---------------------
; Table of Contents ;
---------------------
  1. Legal Notice
  2. EDA Netlist Writer Summary
  3. Simulation Settings
  4. Simulation Generated Files
  5. EDA Netlist Writer Messages



----------------
; Legal Notice ;
----------------
Copyright (C) 2024  Intel Corporation. All rights reserved.
Your use of Intel Corporation's design tools, logic functions 
and other software and tools, and any partner logic 
functions, and any output files from any of the foregoing 
(including device programming or simulation files), and any 
associated documentation or information are expressly subject 
to the terms and conditions of the Intel Program License 
Subscription Agreement, the Intel Quartus Prime License Agreement,
the Intel FPGA IP License Agreement, or other applicable license
agreement, including, without limitation, that your use is for
the sole purpose of programming logic devices manufactured by
Intel and sold by Intel or its authorized distributors.  Please
refer to the applicable agreement for further details, at
https://fpgasoftware.intel.com/eula.



+-------------------------------------------------------------------+
; EDA Netlist Writer Summary                                        ;
+---------------------------+---------------------------------------+
; EDA Netlist Writer Status ; Successful - Thu Feb 20 21:41:51 2025 ;
; Revision Name             ; Dual_Issue                            ;
; Top-level Entity Name     ; Dual_Issue                            ;
; Family                    ; MAX 10                                ;
; Simulation Files Creation ; Successful                            ;
+---------------------------+---------------------------------------+


+-------------------------------------------------------------------------------------------------------------------------+
; Simulation Settings                                                                                                     ;
+---------------------------------------------------------------------------------------------------+---------------------+
; Option                                                                                            ; Setting             ;
+---------------------------------------------------------------------------------------------------+---------------------+
; Tool Name                                                                                         ; QuestaSim (Verilog) ;
; Generate functional simulation netlist                                                            ; On                  ;
; Truncate long hierarchy paths                                                                     ; Off                 ;
; Map illegal HDL characters                                                                        ; Off                 ;
; Flatten buses into individual nodes                                                               ; Off                 ;
; Maintain hierarchy                                                                                ; Off                 ;
; Bring out device-wide set/reset signals as ports                                                  ; Off                 ;
; Enable glitch filtering                                                                           ; Off                 ;
; Do not write top level VHDL entity                                                                ; Off                 ;
; Disable detection of setup and hold time violations in the input registers of bi-directional pins ; Off                 ;
; Architecture name in VHDL output netlist                                                          ; structure           ;
; Generate third-party EDA tool command script for RTL functional simulation                        ; Off                 ;
; Generate third-party EDA tool command script for gate-level simulation                            ; Off                 ;
+---------------------------------------------------------------------------------------------------+---------------------+


+-----------------------------------------------------------------------------------------------------+
; Simulation Generated Files                                                                          ;
+-----------------------------------------------------------------------------------------------------+
; Generated Files                                                                                     ;
+-----------------------------------------------------------------------------------------------------+
; C:/Users/firas/Developement/josdc/josdc/Innovation Phase/dual_issue/simulation/questa/Dual_Issue.vo ;
+-----------------------------------------------------------------------------------------------------+


+-----------------------------+
; EDA Netlist Writer Messages ;
+-----------------------------+
Info: *******************************************************************
Info: Running Quartus Prime EDA Netlist Writer
    Info: Version 23.1std.1 Build 993 05/14/2024 SC Lite Edition
    Info: Processing started: Thu Feb 20 21:41:49 2025
Info: Command: quartus_eda --read_settings_files=off --write_settings_files=off Dual_Issue -c Dual_Issue
Info (204019): Generated file Dual_Issue.vo in folder "C:/Users/firas/Developement/josdc/josdc/Innovation Phase/dual_issue/simulation/questa/" for EDA simulation tool
Info: Quartus Prime EDA Netlist Writer was successful. 0 errors, 0 warnings
    Info: Peak virtual memory: 4735 megabytes
    Info: Processing ended: Thu Feb 20 21:41:51 2025
    Info: Elapsed time: 00:00:02
    Info: Total CPU time (on all processors): 00:00:03


