Flow report for Dual_Issue
Sun Feb 23 01:46:31 2025
Quartus Prime Version 23.1std.1 Build 993 05/14/2024 SC Lite Edition


---------------------
; Table of Contents ;
---------------------
  1. Legal Notice
  2. Flow Summary
  3. Flow Settings
  4. Flow Non-Default Global Settings
  5. Flow Elapsed Time
  6. Flow OS Summary
  7. Flow Log
  8. Flow Messages
  9. Flow Suppressed Messages



----------------
; Legal Notice ;
----------------
Copyright (C) 2024  Intel Corporation. All rights reserved.
Your use of Intel Corporation's design tools, logic functions 
and other software and tools, and any partner logic 
functions, and any output files from any of the foregoing 
(including device programming or simulation files), and any 
associated documentation or information are expressly subject 
to the terms and conditions of the Intel Program License 
Subscription Agreement, the Intel Quartus Prime License Agreement,
the Intel FPGA IP License Agreement, or other applicable license
agreement, including, without limitation, that your use is for
the sole purpose of programming logic devices manufactured by
Intel and sold by Intel or its authorized distributors.  Please
refer to the applicable agreement for further details, at
https://fpgasoftware.intel.com/eula.



+-------------------------------------------------------------------------------------+
; Flow Summary                                                                        ;
+------------------------------------+------------------------------------------------+
; Flow Status                        ; Successful - Sun Feb 23 01:46:31 2025          ;
; Quartus Prime Version              ; 23.1std.1 Build 993 05/14/2024 SC Lite Edition ;
; Revision Name                      ; Dual_Issue                                     ;
; Top-level Entity Name              ; Dual_Issue                                     ;
; Family                             ; MAX 10                                         ;
; Device                             ; 10M50DAF484C7G                                 ;
; Timing Models                      ; Final                                          ;
; Total logic elements               ; 15,017 / 49,760 ( 30 % )                       ;
;     Total combinational functions  ; 14,882 / 49,760 ( 30 % )                       ;
;     Dedicated logic registers      ; 3,100 / 49,760 ( 6 % )                         ;
; Total registers                    ; 3100                                           ;
; Total pins                         ; 66 / 360 ( 18 % )                              ;
; Total virtual pins                 ; 0                                              ;
; Total memory bits                  ; 196,608 / 1,677,312 ( 12 % )                   ;
; Embedded Multiplier 9-bit elements ; 0 / 288 ( 0 % )                                ;
; Total PLLs                         ; 0 / 4 ( 0 % )                                  ;
; UFM blocks                         ; 0 / 1 ( 0 % )                                  ;
; ADC blocks                         ; 0 / 2 ( 0 % )                                  ;
+------------------------------------+------------------------------------------------+


+-----------------------------------------+
; Flow Settings                           ;
+-------------------+---------------------+
; Option            ; Setting             ;
+-------------------+---------------------+
; Start date & time ; 02/23/2025 01:42:35 ;
; Main task         ; Compilation         ;
; Revision Name     ; Dual_Issue          ;
+-------------------+---------------------+


+-------------------------------------------------------------------------------------------------------------------------------------------------------------------+
; Flow Non-Default Global Settings                                                                                                                                  ;
+---------------------------------------------------+----------------------------------------+--------------------+-------------+-----------------------------------+
; Assignment Name                                   ; Value                                  ; Default Value      ; Entity Name ; Section Id                        ;
+---------------------------------------------------+----------------------------------------+--------------------+-------------+-----------------------------------+
; ALLOW_SYNCH_CTRL_USAGE                            ; Off                                    ; On                 ; --          ; --                                ;
; ALM_REGISTER_PACKING_EFFORT                       ; Low                                    ; Medium             ; --          ; --                                ;
; COMPILER_SIGNATURE_ID                             ; 2546174103540.174026415414908          ; --                 ; --          ; --                                ;
; CYCLONEII_OPTIMIZATION_TECHNIQUE                  ; Speed                                  ; Balanced           ; --          ; --                                ;
; ECO_OPTIMIZE_TIMING                               ; On                                     ; Off                ; --          ; --                                ;
; EDA_DESIGN_INSTANCE_NAME                          ; NA                                     ; --                 ; --          ; testbench                         ;
; EDA_GENERATE_FUNCTIONAL_NETLIST                   ; Off                                    ; --                 ; --          ; eda_board_design_timing           ;
; EDA_GENERATE_FUNCTIONAL_NETLIST                   ; Off                                    ; --                 ; --          ; eda_board_design_boundary_scan    ;
; EDA_GENERATE_FUNCTIONAL_NETLIST                   ; Off                                    ; --                 ; --          ; eda_board_design_signal_integrity ;
; EDA_GENERATE_FUNCTIONAL_NETLIST                   ; Off                                    ; --                 ; --          ; eda_board_design_symbol           ;
; EDA_NATIVELINK_SIMULATION_TEST_BENCH              ; testbench                              ; --                 ; --          ; eda_simulation                    ;
; EDA_OUTPUT_DATA_FORMAT                            ; Verilog Hdl                            ; --                 ; --          ; eda_simulation                    ;
; EDA_SIMULATION_TOOL                               ; QuestaSim (Verilog)                    ; <None>             ; --          ; --                                ;
; EDA_TEST_BENCH_ENABLE_STATUS                      ; TEST_BENCH_MODE                        ; --                 ; --          ; eda_simulation                    ;
; EDA_TEST_BENCH_FILE                               ; testbench.v                            ; --                 ; --          ; testbench                         ;
; EDA_TEST_BENCH_MODULE_NAME                        ; testbench                              ; --                 ; --          ; testbench                         ;
; EDA_TEST_BENCH_NAME                               ; testbench                              ; --                 ; --          ; eda_simulation                    ;
; EDA_TIME_SCALE                                    ; 1 ps                                   ; --                 ; --          ; eda_simulation                    ;
; FINAL_PLACEMENT_OPTIMIZATION                      ; Always                                 ; Automatically      ; --          ; --                                ;
; FITTER_AUTO_EFFORT_DESIRED_SLACK_MARGIN           ; 1 ns                                   ; 0 ns               ; --          ; --                                ;
; FITTER_EFFORT                                     ; Standard Fit                           ; Auto Fit           ; --          ; --                                ;
; FIT_ATTEMPTS_TO_SKIP                              ; 0                                      ; 0.0                ; --          ; --                                ;
; MAX_CORE_JUNCTION_TEMP                            ; 85                                     ; --                 ; --          ; --                                ;
; MIN_CORE_JUNCTION_TEMP                            ; 0                                      ; --                 ; --          ; --                                ;
; MISC_FILE                                         ; instructionMemory_bb.v                 ; --                 ; --          ; --                                ;
; MISC_FILE                                         ; dataMemory_bb.v                        ; --                 ; --          ; --                                ;
; MISC_FILE                                         ; dataMemory_syn.v                       ; --                 ; --          ; --                                ;
; MISC_FILE                                         ; mux_test_bb.v                          ; --                 ; --          ; --                                ;
; MISC_FILE                                         ; mux_test_syn.v                         ; --                 ; --          ; --                                ;
; MUX_RESTRUCTURE                                   ; Off                                    ; Auto               ; --          ; --                                ;
; NUM_PARALLEL_PROCESSORS                           ; All                                    ; --                 ; --          ; --                                ;
; OPTIMIZATION_MODE                                 ; Aggressive Performance                 ; Balanced           ; --          ; --                                ;
; OPTIMIZE_HOLD_TIMING                              ; IO Paths and Minimum TPD Paths         ; All Paths          ; --          ; --                                ;
; OPTIMIZE_POWER_DURING_FITTING                     ; Off                                    ; Normal compilation ; --          ; --                                ;
; OPTIMIZE_POWER_DURING_SYNTHESIS                   ; Off                                    ; Normal compilation ; --          ; --                                ;
; OUTPUT_IO_TIMING_FAR_END_VMEAS                    ; Half Signal Swing                      ; --                 ; --          ; --                                ;
; OUTPUT_IO_TIMING_FAR_END_VMEAS                    ; Half Signal Swing                      ; --                 ; --          ; --                                ;
; OUTPUT_IO_TIMING_NEAR_END_VMEAS                   ; Half Vccio                             ; --                 ; --          ; --                                ;
; OUTPUT_IO_TIMING_NEAR_END_VMEAS                   ; Half Vccio                             ; --                 ; --          ; --                                ;
; PARTITION_COLOR                                   ; -- (Not supported for targeted family) ; --                 ; --          ; Top                               ;
; PARTITION_FITTER_PRESERVATION_LEVEL               ; -- (Not supported for targeted family) ; --                 ; --          ; Top                               ;
; PARTITION_NETLIST_TYPE                            ; -- (Not supported for targeted family) ; --                 ; --          ; Top                               ;
; PHYSICAL_SYNTHESIS_ASYNCHRONOUS_SIGNAL_PIPELINING ; On                                     ; Off                ; --          ; --                                ;
; PHYSICAL_SYNTHESIS_COMBO_LOGIC                    ; On                                     ; Off                ; --          ; --                                ;
; PHYSICAL_SYNTHESIS_COMBO_LOGIC_FOR_AREA           ; On                                     ; Off                ; --          ; --                                ;
; PHYSICAL_SYNTHESIS_EFFORT                         ; Extra                                  ; Normal             ; --          ; --                                ;
; PHYSICAL_SYNTHESIS_REGISTER_DUPLICATION           ; On                                     ; Off                ; --          ; --                                ;
; PHYSICAL_SYNTHESIS_REGISTER_RETIMING              ; On                                     ; Off                ; --          ; --                                ;
; PLACEMENT_EFFORT_MULTIPLIER                       ; 4                                      ; 1.0                ; --          ; --                                ;
; POWER_BOARD_THERMAL_MODEL                         ; None (CONSERVATIVE)                    ; --                 ; --          ; --                                ;
; POWER_PRESET_COOLING_SOLUTION                     ; 23 MM HEAT SINK WITH 200 LFPM AIRFLOW  ; --                 ; --          ; --                                ;
; PRE_MAPPING_RESYNTHESIS                           ; On                                     ; Off                ; --          ; --                                ;
; PROJECT_OUTPUT_DIRECTORY                          ; output_files                           ; --                 ; --          ; --                                ;
; QII_AUTO_PACKED_REGISTERS                         ; Sparse Auto                            ; Auto               ; --          ; --                                ;
; REMOVE_REDUNDANT_LOGIC_CELLS                      ; On                                     ; Off                ; --          ; --                                ;
; ROUTER_CLOCKING_TOPOLOGY_ANALYSIS                 ; On                                     ; Off                ; --          ; --                                ;
; ROUTER_EFFORT_MULTIPLIER                          ; 1                                      ; 1.0                ; --          ; --                                ;
; ROUTER_LCELL_INSERTION_AND_LOGIC_DUPLICATION      ; On                                     ; Auto               ; --          ; --                                ;
; ROUTER_REGISTER_DUPLICATION                       ; On                                     ; Auto               ; --          ; --                                ;
; ROUTER_TIMING_OPTIMIZATION_LEVEL                  ; MAXIMUM                                ; Normal             ; --          ; --                                ;
+---------------------------------------------------+----------------------------------------+--------------------+-------------+-----------------------------------+


+--------------------------------------------------------------------------------------------------------------------------+
; Flow Elapsed Time                                                                                                        ;
+----------------------+--------------+-------------------------+---------------------+------------------------------------+
; Module Name          ; Elapsed Time ; Average Processors Used ; Peak Virtual Memory ; Total CPU Time (on all processors) ;
+----------------------+--------------+-------------------------+---------------------+------------------------------------+
; Analysis & Synthesis ; 00:00:53     ; 1.0                     ; 5037 MB             ; 00:01:03                           ;
; Fitter               ; 00:02:42     ; 1.4                     ; 5997 MB             ; 00:05:26                           ;
; Assembler            ; 00:00:03     ; 1.0                     ; 4866 MB             ; 00:00:03                           ;
; Timing Analyzer      ; 00:00:09     ; 3.0                     ; 5045 MB             ; 00:00:24                           ;
; EDA Netlist Writer   ; 00:00:03     ; 1.0                     ; 4751 MB             ; 00:00:03                           ;
; Total                ; 00:03:50     ; --                      ; --                  ; 00:06:59                           ;
+----------------------+--------------+-------------------------+---------------------+------------------------------------+


+------------------------------------------------------------------------------------+
; Flow OS Summary                                                                    ;
+----------------------+------------------+------------+------------+----------------+
; Module Name          ; Machine Hostname ; OS Name    ; OS Version ; Processor type ;
+----------------------+------------------+------------+------------+----------------+
; Analysis & Synthesis ; patrik           ; Windows 10 ; 10.0       ; x86_64         ;
; Fitter               ; patrik           ; Windows 10 ; 10.0       ; x86_64         ;
; Assembler            ; patrik           ; Windows 10 ; 10.0       ; x86_64         ;
; Timing Analyzer      ; patrik           ; Windows 10 ; 10.0       ; x86_64         ;
; EDA Netlist Writer   ; patrik           ; Windows 10 ; 10.0       ; x86_64         ;
+----------------------+------------------+------------+------------+----------------+


------------
; Flow Log ;
------------
quartus_map --read_settings_files=on --write_settings_files=off Dual_Issue -c Dual_Issue
quartus_fit --read_settings_files=off --write_settings_files=off Dual_Issue -c Dual_Issue
quartus_asm --read_settings_files=off --write_settings_files=off Dual_Issue -c Dual_Issue
quartus_sta Dual_Issue -c Dual_Issue
quartus_eda --read_settings_files=off --write_settings_files=off Dual_Issue -c Dual_Issue



