Flow report for pipeline
Sat Dec  7 13:06:16 2024
Quartus Prime Version 22.1std.2 Build 922 07/20/2023 SC Lite Edition


---------------------
; Table of Contents ;
---------------------
  1. EDA Netlist Writer Summary
  2. Legal Notice
  3. Flow Summary
  4. Flow Settings
  5. Flow Non-Default Global Settings
  6. Flow Elapsed Time
  7. Flow OS Summary
  8. Flow Log
  9. Flow Messages
 10. Flow Suppressed Messages



+-------------------------------------------------------------------+
; EDA Netlist Writer Summary                                        ;
+---------------------------+---------------------------------------+
; EDA Netlist Writer Status ; Successful - Sat Dec  7 13:06:16 2024 ;
; Revision Name             ; pipeline                              ;
; Top-level Entity Name     ; pipeline                              ;
; Family                    ; MAX 10                                ;
; Simulation Files Creation ; Successful                            ;
+---------------------------+---------------------------------------+


----------------
; Legal Notice ;
----------------
Copyright (C) 2023  Intel Corporation. All rights reserved.
Your use of Intel Corporation's design tools, logic functions 
and other software and tools, and any partner logic 
functions, and any output files from any of the foregoing 
(including device programming or simulation files), and any 
associated documentation or information are expressly subject 
to the terms and conditions of the Intel Program License 
Subscription Agreement, the Intel Quartus Prime License Agreement,
the Intel FPGA IP License Agreement, or other applicable license
agreement, including, without limitation, that your use is for
the sole purpose of programming logic devices manufactured by
Intel and sold by Intel or its authorized distributors.  Please
refer to the applicable agreement for further details, at
https://fpgasoftware.intel.com/eula.



+-------------------------------------------------------------------------------------+
; Flow Summary                                                                        ;
+------------------------------------+------------------------------------------------+
; Flow Status                        ; Successful - Sat Dec  7 13:06:16 2024          ;
; Quartus Prime Version              ; 22.1std.2 Build 922 07/20/2023 SC Lite Edition ;
; Revision Name                      ; pipeline                                       ;
; Top-level Entity Name              ; pipeline                                       ;
; Family                             ; MAX 10                                         ;
; Device                             ; 10M50DAF484C7G                                 ;
; Timing Models                      ; Final                                          ;
; Total logic elements               ; 2,701 / 49,760 ( 5 % )                         ;
;     Total combinational functions  ; 2,534 / 49,760 ( 5 % )                         ;
;     Dedicated logic registers      ; 1,377 / 49,760 ( 3 % )                         ;
; Total registers                    ; 1377                                           ;
; Total pins                         ; 12 / 360 ( 3 % )                               ;
; Total virtual pins                 ; 0                                              ;
; Total memory bits                  ; 40,960 / 1,677,312 ( 2 % )                     ;
; Embedded Multiplier 9-bit elements ; 0 / 288 ( 0 % )                                ;
; Total PLLs                         ; 0 / 4 ( 0 % )                                  ;
; UFM blocks                         ; 0 / 1 ( 0 % )                                  ;
; ADC blocks                         ; 0 / 2 ( 0 % )                                  ;
+------------------------------------+------------------------------------------------+


+-----------------------------------------+
; Flow Settings                           ;
+-------------------+---------------------+
; Option            ; Setting             ;
+-------------------+---------------------+
; Start date & time ; 12/07/2024 13:05:42 ;
; Main task         ; Compilation         ;
; Revision Name     ; pipeline            ;
+-------------------+---------------------+


+------------------------------------------------------------------------------------------------------------------------------------+
; Flow Non-Default Global Settings                                                                                                   ;
+--------------------------------------------+----------------------------------------+---------------+-------------+----------------+
; Assignment Name                            ; Value                                  ; Default Value ; Entity Name ; Section Id     ;
+--------------------------------------------+----------------------------------------+---------------+-------------+----------------+
; COMPILER_SIGNATURE_ID                      ; 2544320857565.173356594222464          ; --            ; --          ; --             ;
; EDA_DESIGN_INSTANCE_NAME                   ; NA                                     ; --            ; --          ; testbench      ;
; EDA_GENERATE_RTL_SIMULATION_COMMAND_SCRIPT ; On                                     ; --            ; --          ; eda_simulation ;
; EDA_NATIVELINK_SIMULATION_TEST_BENCH       ; testbench                              ; --            ; --          ; eda_simulation ;
; EDA_OUTPUT_DATA_FORMAT                     ; Verilog Hdl                            ; --            ; --          ; eda_simulation ;
; EDA_SIMULATION_TOOL                        ; ModelSim (Verilog)                     ; <None>        ; --          ; --             ;
; EDA_TEST_BENCH_ENABLE_STATUS               ; TEST_BENCH_MODE                        ; --            ; --          ; eda_simulation ;
; EDA_TEST_BENCH_FILE                        ; testbench.v                            ; --            ; --          ; testbench      ;
; EDA_TEST_BENCH_MODULE_NAME                 ; testbench                              ; --            ; --          ; testbench      ;
; EDA_TEST_BENCH_NAME                        ; testbench                              ; --            ; --          ; eda_simulation ;
; EDA_TIME_SCALE                             ; 1 ps                                   ; --            ; --          ; eda_simulation ;
; MAX_CORE_JUNCTION_TEMP                     ; 85                                     ; --            ; --          ; --             ;
; MIN_CORE_JUNCTION_TEMP                     ; 0                                      ; --            ; --          ; --             ;
; MISC_FILE                                  ; instructionMemory_bb.v                 ; --            ; --          ; --             ;
; MISC_FILE                                  ; dataMemory_inst.v                      ; --            ; --          ; --             ;
; MISC_FILE                                  ; dataMemory_bb.v                        ; --            ; --          ; --             ;
; NUM_PARALLEL_PROCESSORS                    ; 6                                      ; --            ; --          ; --             ;
; OUTPUT_IO_TIMING_FAR_END_VMEAS             ; Half Signal Swing                      ; --            ; --          ; --             ;
; OUTPUT_IO_TIMING_FAR_END_VMEAS             ; Half Signal Swing                      ; --            ; --          ; --             ;
; OUTPUT_IO_TIMING_NEAR_END_VMEAS            ; Half Vccio                             ; --            ; --          ; --             ;
; OUTPUT_IO_TIMING_NEAR_END_VMEAS            ; Half Vccio                             ; --            ; --          ; --             ;
; PARTITION_COLOR                            ; -- (Not supported for targeted family) ; --            ; --          ; Top            ;
; PARTITION_FITTER_PRESERVATION_LEVEL        ; -- (Not supported for targeted family) ; --            ; --          ; Top            ;
; PARTITION_NETLIST_TYPE                     ; -- (Not supported for targeted family) ; --            ; --          ; Top            ;
; POWER_BOARD_THERMAL_MODEL                  ; None (CONSERVATIVE)                    ; --            ; --          ; --             ;
; POWER_PRESET_COOLING_SOLUTION              ; 23 MM HEAT SINK WITH 200 LFPM AIRFLOW  ; --            ; --          ; --             ;
+--------------------------------------------+----------------------------------------+---------------+-------------+----------------+


+--------------------------------------------------------------------------------------------------------------------------+
; Flow Elapsed Time                                                                                                        ;
+----------------------+--------------+-------------------------+---------------------+------------------------------------+
; Module Name          ; Elapsed Time ; Average Processors Used ; Peak Virtual Memory ; Total CPU Time (on all processors) ;
+----------------------+--------------+-------------------------+---------------------+------------------------------------+
; Analysis & Synthesis ; 00:00:09     ; 1.0                     ; 4835 MB             ; 00:00:16                           ;
; Fitter               ; 00:00:15     ; 1.4                     ; 5825 MB             ; 00:00:29                           ;
; Assembler            ; 00:00:02     ; 1.0                     ; 4734 MB             ; 00:00:02                           ;
; Timing Analyzer      ; 00:00:02     ; 2.2                     ; 4881 MB             ; 00:00:04                           ;
; EDA Netlist Writer   ; 00:00:02     ; 1.0                     ; 4688 MB             ; 00:00:01                           ;
; Total                ; 00:00:30     ; --                      ; --                  ; 00:00:52                           ;
+----------------------+--------------+-------------------------+---------------------+------------------------------------+


+------------------------------------------------------------------------------------+
; Flow OS Summary                                                                    ;
+----------------------+------------------+------------+------------+----------------+
; Module Name          ; Machine Hostname ; OS Name    ; OS Version ; Processor type ;
+----------------------+------------------+------------+------------+----------------+
; Analysis & Synthesis ; DESKTOP-G6MURCC  ; Windows 10 ; 10.0       ; x86_64         ;
; Fitter               ; DESKTOP-G6MURCC  ; Windows 10 ; 10.0       ; x86_64         ;
; Assembler            ; DESKTOP-G6MURCC  ; Windows 10 ; 10.0       ; x86_64         ;
; Timing Analyzer      ; DESKTOP-G6MURCC  ; Windows 10 ; 10.0       ; x86_64         ;
; EDA Netlist Writer   ; DESKTOP-G6MURCC  ; Windows 10 ; 10.0       ; x86_64         ;
+----------------------+------------------+------------+------------+----------------+


------------
; Flow Log ;
------------
quartus_map --read_settings_files=on --write_settings_files=off SecondPhasePipeline -c pipeline
quartus_fit --read_settings_files=off --write_settings_files=off SecondPhasePipeline -c pipeline
quartus_asm --read_settings_files=off --write_settings_files=off SecondPhasePipeline -c pipeline
quartus_sta SecondPhasePipeline -c pipeline
quartus_eda --read_settings_files=off --write_settings_files=off SecondPhasePipeline -c pipeline



