Flow report for SingleCycle
Fri Nov 29 23:29:54 2024
Quartus Prime Version 23.1std.1 Build 993 05/14/2024 SC Lite Edition


---------------------
; Table of Contents ;
---------------------
  1. Legal Notice
  2. Flow Summary
  3. Flow Settings
  4. Flow Non-Default Global Settings
  5. Flow Elapsed Time
  6. Flow OS Summary
  7. Flow Log
  8. Flow Messages
  9. Flow Suppressed Messages



----------------
; Legal Notice ;
----------------
Copyright (C) 2024  Intel Corporation. All rights reserved.
Your use of Intel Corporation's design tools, logic functions 
and other software and tools, and any partner logic 
functions, and any output files from any of the foregoing 
(including device programming or simulation files), and any 
associated documentation or information are expressly subject 
to the terms and conditions of the Intel Program License 
Subscription Agreement, the Intel Quartus Prime License Agreement,
the Intel FPGA IP License Agreement, or other applicable license
agreement, including, without limitation, that your use is for
the sole purpose of programming logic devices manufactured by
Intel and sold by Intel or its authorized distributors.  Please
refer to the applicable agreement for further details, at
https://fpgasoftware.intel.com/eula.



+-------------------------------------------------------------------------------------+
; Flow Summary                                                                        ;
+------------------------------------+------------------------------------------------+
; Flow Status                        ; Successful - Fri Nov 29 23:29:54 2024          ;
; Quartus Prime Version              ; 23.1std.1 Build 993 05/14/2024 SC Lite Edition ;
; Revision Name                      ; SingleCycle                                    ;
; Top-level Entity Name              ; processor                                      ;
; Family                             ; MAX 10                                         ;
; Device                             ; 10M50DAF484C7G                                 ;
; Timing Models                      ; Final                                          ;
; Total logic elements               ; 2,480 / 49,760 ( 5 % )                         ;
;     Total combinational functions  ; 2,172 / 49,760 ( 4 % )                         ;
;     Dedicated logic registers      ; 1,034 / 49,760 ( 2 % )                         ;
; Total registers                    ; 1034                                           ;
; Total pins                         ; 12 / 360 ( 3 % )                               ;
; Total virtual pins                 ; 0                                              ;
; Total memory bits                  ; 10,240 / 1,677,312 ( < 1 % )                   ;
; Embedded Multiplier 9-bit elements ; 0 / 288 ( 0 % )                                ;
; Total PLLs                         ; 0 / 4 ( 0 % )                                  ;
; UFM blocks                         ; 0 / 1 ( 0 % )                                  ;
; ADC blocks                         ; 0 / 2 ( 0 % )                                  ;
+------------------------------------+------------------------------------------------+


+-----------------------------------------+
; Flow Settings                           ;
+-------------------+---------------------+
; Option            ; Setting             ;
+-------------------+---------------------+
; Start date & time ; 11/29/2024 23:28:52 ;
; Main task         ; Compilation         ;
; Revision Name     ; SingleCycle         ;
+-------------------+---------------------+


+------------------------------------------------------------------------------------------------------------------------------+
; Flow Non-Default Global Settings                                                                                             ;
+--------------------------------------+----------------------------------------+---------------+-------------+----------------+
; Assignment Name                      ; Value                                  ; Default Value ; Entity Name ; Section Id     ;
+--------------------------------------+----------------------------------------+---------------+-------------+----------------+
; COMPILER_SIGNATURE_ID                ; 91762175840.173291213220728            ; --            ; --          ; --             ;
; EDA_DESIGN_INSTANCE_NAME             ; NA                                     ; --            ; --          ; testbench      ;
; EDA_NATIVELINK_SIMULATION_TEST_BENCH ; testbench                              ; --            ; --          ; eda_simulation ;
; EDA_OUTPUT_DATA_FORMAT               ; Verilog Hdl                            ; --            ; --          ; eda_simulation ;
; EDA_SIMULATION_TOOL                  ; Questa Intel FPGA (Verilog)            ; <None>        ; --          ; --             ;
; EDA_TEST_BENCH_ENABLE_STATUS         ; TEST_BENCH_MODE                        ; --            ; --          ; eda_simulation ;
; EDA_TEST_BENCH_FILE                  ; testbench.v                            ; --            ; --          ; testbench      ;
; EDA_TEST_BENCH_MODULE_NAME           ; testbench                              ; --            ; --          ; testbench      ;
; EDA_TEST_BENCH_NAME                  ; testbench                              ; --            ; --          ; eda_simulation ;
; EDA_TIME_SCALE                       ; 1 ps                                   ; --            ; --          ; eda_simulation ;
; MAX_CORE_JUNCTION_TEMP               ; 85                                     ; --            ; --          ; --             ;
; MIN_CORE_JUNCTION_TEMP               ; 0                                      ; --            ; --          ; --             ;
; MISC_FILE                            ; instructionMemory_bb.v                 ; --            ; --          ; --             ;
; MISC_FILE                            ; instructionMemory_syn.v                ; --            ; --          ; --             ;
; MISC_FILE                            ; dataMemory_inst.v                      ; --            ; --          ; --             ;
; MISC_FILE                            ; dataMemory_bb.v                        ; --            ; --          ; --             ;
; NUM_PARALLEL_PROCESSORS              ; All                                    ; --            ; --          ; --             ;
; OUTPUT_IO_TIMING_FAR_END_VMEAS       ; Half Signal Swing                      ; --            ; --          ; --             ;
; OUTPUT_IO_TIMING_FAR_END_VMEAS       ; Half Signal Swing                      ; --            ; --          ; --             ;
; OUTPUT_IO_TIMING_NEAR_END_VMEAS      ; Half Vccio                             ; --            ; --          ; --             ;
; OUTPUT_IO_TIMING_NEAR_END_VMEAS      ; Half Vccio                             ; --            ; --          ; --             ;
; PARTITION_COLOR                      ; -- (Not supported for targeted family) ; --            ; processor   ; Top            ;
; PARTITION_FITTER_PRESERVATION_LEVEL  ; -- (Not supported for targeted family) ; --            ; processor   ; Top            ;
; PARTITION_NETLIST_TYPE               ; -- (Not supported for targeted family) ; --            ; processor   ; Top            ;
; POWER_BOARD_THERMAL_MODEL            ; None (CONSERVATIVE)                    ; --            ; --          ; --             ;
; POWER_PRESET_COOLING_SOLUTION        ; 23 MM HEAT SINK WITH 200 LFPM AIRFLOW  ; --            ; --          ; --             ;
; PROJECT_OUTPUT_DIRECTORY             ; output_files                           ; --            ; --          ; --             ;
; TOP_LEVEL_ENTITY                     ; processor                              ; SingleCycle   ; --          ; --             ;
+--------------------------------------+----------------------------------------+---------------+-------------+----------------+


+--------------------------------------------------------------------------------------------------------------------------+
; Flow Elapsed Time                                                                                                        ;
+----------------------+--------------+-------------------------+---------------------+------------------------------------+
; Module Name          ; Elapsed Time ; Average Processors Used ; Peak Virtual Memory ; Total CPU Time (on all processors) ;
+----------------------+--------------+-------------------------+---------------------+------------------------------------+
; Analysis & Synthesis ; 00:00:13     ; 1.0                     ; 4810 MB             ; 00:00:15                           ;
; Fitter               ; 00:00:38     ; 1.4                     ; 5858 MB             ; 00:00:39                           ;
; Assembler            ; 00:00:02     ; 1.0                     ; 4729 MB             ; 00:00:02                           ;
; Timing Analyzer      ; 00:00:05     ; 2.3                     ; 4884 MB             ; 00:00:06                           ;
; EDA Netlist Writer   ; 00:00:01     ; 1.0                     ; 4671 MB             ; 00:00:01                           ;
; Total                ; 00:00:59     ; --                      ; --                  ; 00:01:03                           ;
+----------------------+--------------+-------------------------+---------------------+------------------------------------+


+------------------------------------------------------------------------------------+
; Flow OS Summary                                                                    ;
+----------------------+------------------+------------+------------+----------------+
; Module Name          ; Machine Hostname ; OS Name    ; OS Version ; Processor type ;
+----------------------+------------------+------------+------------+----------------+
; Analysis & Synthesis ; patrik           ; Windows 10 ; 10.0       ; x86_64         ;
; Fitter               ; patrik           ; Windows 10 ; 10.0       ; x86_64         ;
; Assembler            ; patrik           ; Windows 10 ; 10.0       ; x86_64         ;
; Timing Analyzer      ; patrik           ; Windows 10 ; 10.0       ; x86_64         ;
; EDA Netlist Writer   ; patrik           ; Windows 10 ; 10.0       ; x86_64         ;
+----------------------+------------------+------------+------------+----------------+


------------
; Flow Log ;
------------
quartus_map --read_settings_files=on --write_settings_files=off SecondPhase -c SingleCycle
quartus_fit --read_settings_files=off --write_settings_files=off SecondPhase -c SingleCycle
quartus_asm --read_settings_files=off --write_settings_files=off SecondPhase -c SingleCycle
quartus_sta SecondPhase -c SingleCycle
quartus_eda --read_settings_files=off --write_settings_files=off SecondPhase -c SingleCycle



