Assembler report for SingleCycle
Fri Nov 29 23:29:47 2024
Quartus Prime Version 23.1std.1 Build 993 05/14/2024 SC Lite Edition


---------------------
; Table of Contents ;
---------------------
  1. Legal Notice
  2. Assembler Summary
  3. Assembler Settings
  4. Assembler Generated Files
  5. Assembler Device Options: C:/Users/firas/Developement/josdc/josdc/Development Phase/Single_Cycle_2ndPhase/output_files/SingleCycle.sof
  6. Assembler Messages



----------------
; Legal Notice ;
----------------
Copyright (C) 2024  Intel Corporation. All rights reserved.
Your use of Intel Corporation's design tools, logic functions 
and other software and tools, and any partner logic 
functions, and any output files from any of the foregoing 
(including device programming or simulation files), and any 
associated documentation or information are expressly subject 
to the terms and conditions of the Intel Program License 
Subscription Agreement, the Intel Quartus Prime License Agreement,
the Intel FPGA IP License Agreement, or other applicable license
agreement, including, without limitation, that your use is for
the sole purpose of programming logic devices manufactured by
Intel and sold by Intel or its authorized distributors.  Please
refer to the applicable agreement for further details, at
https://fpgasoftware.intel.com/eula.



+---------------------------------------------------------------+
; Assembler Summary                                             ;
+-----------------------+---------------------------------------+
; Assembler Status      ; Successful - Fri Nov 29 23:29:47 2024 ;
; Revision Name         ; SingleCycle                           ;
; Top-level Entity Name ; processor                             ;
; Family                ; MAX 10                                ;
; Device                ; 10M50DAF484C7G                        ;
+-----------------------+---------------------------------------+


+----------------------------------+
; Assembler Settings               ;
+--------+---------+---------------+
; Option ; Setting ; Default Value ;
+--------+---------+---------------+


+--------------------------------------------------------------------------------------------------------------+
; Assembler Generated Files                                                                                    ;
+--------------------------------------------------------------------------------------------------------------+
; File Name                                                                                                    ;
+--------------------------------------------------------------------------------------------------------------+
; C:/Users/firas/Developement/josdc/josdc/Development Phase/Single_Cycle_2ndPhase/output_files/SingleCycle.sof ;
+--------------------------------------------------------------------------------------------------------------+


+----------------------------------------------------------------------------------------------------------------------------------------+
; Assembler Device Options: C:/Users/firas/Developement/josdc/josdc/Development Phase/Single_Cycle_2ndPhase/output_files/SingleCycle.sof ;
+----------------+-----------------------------------------------------------------------------------------------------------------------+
; Option         ; Setting                                                                                                               ;
+----------------+-----------------------------------------------------------------------------------------------------------------------+
; JTAG usercode  ; 0x00469C41                                                                                                            ;
; Checksum       ; 0x00469C41                                                                                                            ;
+----------------+-----------------------------------------------------------------------------------------------------------------------+


+--------------------+
; Assembler Messages ;
+--------------------+
Info: *******************************************************************
Info: Running Quartus Prime Assembler
    Info: Version 23.1std.1 Build 993 05/14/2024 SC Lite Edition
    Info: Processing started: Fri Nov 29 23:29:45 2024
Info: Command: quartus_asm --read_settings_files=off --write_settings_files=off SecondPhase -c SingleCycle
Info (115031): Writing out detailed assembly data for power analysis
Info (115030): Assembler is generating device programming files
Info: Quartus Prime Assembler was successful. 0 errors, 0 warnings
    Info: Peak virtual memory: 4730 megabytes
    Info: Processing ended: Fri Nov 29 23:29:47 2024
    Info: Elapsed time: 00:00:02
    Info: Total CPU time (on all processors): 00:00:02


